[0.000000] (-) TimerEvent: {}
[0.000700] (-) JobUnselected: {'identifier': 'bluespace_ai_xsens_mti_driver'}
[0.000875] (-) JobUnselected: {'identifier': 'jetracer_description'}
[0.001020] (-) JobUnselected: {'identifier': 'jetson'}
[0.001156] (-) JobUnselected: {'identifier': 'test_jetson'}
[0.001283] (kalman_filter_jetracer) JobQueued: {'identifier': 'kalman_filter_jetracer', 'dependencies': OrderedDict()}
[0.001416] (kalman_filter_jetracer) JobStarted: {'identifier': 'kalman_filter_jetracer'}
[0.089159] (-) TimerEvent: {}
[0.192195] (-) TimerEvent: {}
[0.292865] (-) TimerEvent: {}
[0.394471] (-) TimerEvent: {}
[0.501534] (-) TimerEvent: {}
[0.615622] (-) TimerEvent: {}
[0.722691] (-) TimerEvent: {}
[0.823773] (-) TimerEvent: {}
[0.924819] (-) TimerEvent: {}
[1.043432] (-) TimerEvent: {}
[1.145206] (-) TimerEvent: {}
[1.247372] (-) TimerEvent: {}
[1.353387] (-) TimerEvent: {}
[1.454573] (-) TimerEvent: {}
[1.569163] (-) TimerEvent: {}
[1.687940] (-) TimerEvent: {}
[1.789520] (-) TimerEvent: {}
[1.893173] (-) TimerEvent: {}
[1.993883] (-) TimerEvent: {}
[2.094859] (-) TimerEvent: {}
[2.195500] (-) TimerEvent: {}
[2.297294] (-) TimerEvent: {}
[2.399919] (-) TimerEvent: {}
[2.505576] (-) TimerEvent: {}
[2.611782] (-) TimerEvent: {}
[2.713237] (-) TimerEvent: {}
[2.815008] (-) TimerEvent: {}
[2.916711] (-) TimerEvent: {}
[3.060093] (-) TimerEvent: {}
[3.161662] (-) TimerEvent: {}
[3.262749] (-) TimerEvent: {}
[3.364212] (-) TimerEvent: {}
[3.465730] (-) TimerEvent: {}
[3.566732] (-) TimerEvent: {}
[3.668152] (-) TimerEvent: {}
[3.768954] (-) TimerEvent: {}
[3.869981] (-) TimerEvent: {}
[3.970893] (-) TimerEvent: {}
[4.071882] (-) TimerEvent: {}
[4.173558] (-) TimerEvent: {}
[4.276626] (-) TimerEvent: {}
[4.377800] (-) TimerEvent: {}
[4.478702] (-) TimerEvent: {}
[4.579412] (-) TimerEvent: {}
[4.680100] (-) TimerEvent: {}
[4.780808] (-) TimerEvent: {}
[4.882779] (-) TimerEvent: {}
[4.983868] (-) TimerEvent: {}
[5.084658] (-) TimerEvent: {}
[5.185706] (-) TimerEvent: {}
[5.289293] (-) TimerEvent: {}
[5.389924] (-) TimerEvent: {}
[5.490894] (-) TimerEvent: {}
[5.591648] (-) TimerEvent: {}
[5.692330] (-) TimerEvent: {}
[5.793265] (-) TimerEvent: {}
[5.893921] (-) TimerEvent: {}
[5.995878] (-) TimerEvent: {}
[6.096631] (-) TimerEvent: {}
[6.197568] (-) TimerEvent: {}
[6.299252] (-) TimerEvent: {}
[6.400209] (-) TimerEvent: {}
[6.501100] (-) TimerEvent: {}
[6.602144] (-) TimerEvent: {}
[6.702933] (-) TimerEvent: {}
[6.803854] (-) TimerEvent: {}
[6.904493] (-) TimerEvent: {}
[7.005362] (-) TimerEvent: {}
[7.106299] (-) TimerEvent: {}
[7.207236] (-) TimerEvent: {}
[7.308213] (-) TimerEvent: {}
[7.409212] (-) TimerEvent: {}
[7.510140] (-) TimerEvent: {}
[7.610891] (-) TimerEvent: {}
[7.711840] (-) TimerEvent: {}
[7.815129] (-) TimerEvent: {}
[7.916021] (-) TimerEvent: {}
[8.017641] (-) TimerEvent: {}
[8.118917] (-) TimerEvent: {}
[8.224331] (-) TimerEvent: {}
[8.325041] (-) TimerEvent: {}
[8.426034] (-) TimerEvent: {}
[8.526726] (-) TimerEvent: {}
[8.628159] (-) TimerEvent: {}
[8.729220] (-) TimerEvent: {}
[8.830450] (-) TimerEvent: {}
[8.931507] (-) TimerEvent: {}
[9.032166] (-) TimerEvent: {}
[9.142247] (-) TimerEvent: {}
[9.243823] (-) TimerEvent: {}
[9.346464] (-) TimerEvent: {}
[9.448464] (-) TimerEvent: {}
[9.557222] (-) TimerEvent: {}
[9.669617] (-) TimerEvent: {}
[9.773417] (-) TimerEvent: {}
[9.874372] (-) TimerEvent: {}
[9.979607] (-) TimerEvent: {}
[10.089142] (-) TimerEvent: {}
[10.205743] (-) TimerEvent: {}
[10.308195] (-) TimerEvent: {}
[10.413104] (-) TimerEvent: {}
[10.514836] (-) TimerEvent: {}
[10.615638] (-) TimerEvent: {}
[10.716293] (-) TimerEvent: {}
[10.817072] (-) TimerEvent: {}
[10.917767] (-) TimerEvent: {}
[11.018673] (-) TimerEvent: {}
[11.123276] (-) TimerEvent: {}
[11.224238] (-) TimerEvent: {}
[11.327507] (-) TimerEvent: {}
[11.428459] (-) TimerEvent: {}
[11.529650] (-) TimerEvent: {}
[11.630583] (-) TimerEvent: {}
[11.731428] (-) TimerEvent: {}
[11.832135] (-) TimerEvent: {}
[11.933430] (-) TimerEvent: {}
[12.034444] (-) TimerEvent: {}
[12.141536] (-) TimerEvent: {}
[12.242564] (-) TimerEvent: {}
[12.343642] (-) TimerEvent: {}
[12.449812] (-) TimerEvent: {}
[12.550579] (-) TimerEvent: {}
[12.652759] (-) TimerEvent: {}
[12.753463] (-) TimerEvent: {}
[12.854394] (-) TimerEvent: {}
[12.955027] (-) TimerEvent: {}
[13.056024] (-) TimerEvent: {}
[13.156884] (-) TimerEvent: {}
[13.257692] (-) TimerEvent: {}
[13.360850] (-) TimerEvent: {}
[13.462333] (-) TimerEvent: {}
[13.565743] (-) TimerEvent: {}
[13.666454] (-) TimerEvent: {}
[13.772339] (-) TimerEvent: {}
[13.874720] (-) TimerEvent: {}
[13.975411] (-) TimerEvent: {}
[14.076449] (-) TimerEvent: {}
[14.178191] (-) TimerEvent: {}
[14.279065] (-) TimerEvent: {}
[14.380240] (-) TimerEvent: {}
[14.480910] (-) TimerEvent: {}
[14.582242] (-) TimerEvent: {}
[14.685359] (-) TimerEvent: {}
[14.789627] (-) TimerEvent: {}
[14.890742] (-) TimerEvent: {}
[14.991930] (-) TimerEvent: {}
[15.092663] (-) TimerEvent: {}
[15.194147] (-) TimerEvent: {}
[15.294818] (-) TimerEvent: {}
[15.395500] (-) TimerEvent: {}
[15.496572] (-) TimerEvent: {}
[15.597286] (-) TimerEvent: {}
[15.698714] (-) TimerEvent: {}
[15.799623] (-) TimerEvent: {}
[15.900932] (-) TimerEvent: {}
[16.003416] (-) TimerEvent: {}
[16.105975] (-) TimerEvent: {}
[16.207387] (-) TimerEvent: {}
[16.308323] (-) TimerEvent: {}
[16.409498] (-) TimerEvent: {}
[16.510973] (-) TimerEvent: {}
[16.612591] (-) TimerEvent: {}
[16.713249] (-) TimerEvent: {}
[16.814253] (-) TimerEvent: {}
[16.915046] (-) TimerEvent: {}
[17.015723] (-) TimerEvent: {}
[17.116410] (-) TimerEvent: {}
[17.217467] (-) TimerEvent: {}
[17.318321] (-) TimerEvent: {}
[17.419814] (-) TimerEvent: {}
[17.521132] (-) TimerEvent: {}
[17.623585] (-) TimerEvent: {}
[17.725664] (-) TimerEvent: {}
[17.827523] (-) TimerEvent: {}
[17.928298] (-) TimerEvent: {}
[18.029651] (-) TimerEvent: {}
[18.130803] (-) TimerEvent: {}
[18.231462] (-) TimerEvent: {}
[18.332116] (-) TimerEvent: {}
[18.433193] (-) TimerEvent: {}
[18.534138] (-) TimerEvent: {}
[18.635146] (-) TimerEvent: {}
[18.736024] (-) TimerEvent: {}
[18.836873] (-) TimerEvent: {}
[18.938521] (-) TimerEvent: {}
[19.039199] (-) TimerEvent: {}
[19.140277] (-) TimerEvent: {}
[19.241042] (-) TimerEvent: {}
[19.342015] (-) TimerEvent: {}
[19.443232] (-) TimerEvent: {}
[19.544941] (-) TimerEvent: {}
[19.645902] (-) TimerEvent: {}
[19.747005] (-) TimerEvent: {}
[19.848052] (-) TimerEvent: {}
[19.948798] (-) TimerEvent: {}
[20.051952] (-) TimerEvent: {}
[20.153100] (-) TimerEvent: {}
[20.253758] (-) TimerEvent: {}
[20.354403] (-) TimerEvent: {}
[20.455936] (-) TimerEvent: {}
[20.557714] (-) TimerEvent: {}
[20.658406] (-) TimerEvent: {}
[20.759377] (-) TimerEvent: {}
[20.861112] (-) TimerEvent: {}
[20.961899] (-) TimerEvent: {}
[21.063125] (-) TimerEvent: {}
[21.164091] (-) TimerEvent: {}
[21.265085] (-) TimerEvent: {}
[21.366103] (-) TimerEvent: {}
[21.467067] (-) TimerEvent: {}
[21.568102] (-) TimerEvent: {}
[21.669045] (-) TimerEvent: {}
[21.769967] (-) TimerEvent: {}
[21.870904] (-) TimerEvent: {}
[21.971869] (-) TimerEvent: {}
[22.072519] (-) TimerEvent: {}
[22.173613] (-) TimerEvent: {}
[22.274619] (-) TimerEvent: {}
[22.375618] (-) TimerEvent: {}
[22.476497] (-) TimerEvent: {}
[22.577469] (-) TimerEvent: {}
[22.678924] (-) TimerEvent: {}
[22.784713] (-) TimerEvent: {}
[22.885740] (-) TimerEvent: {}
[22.986416] (-) TimerEvent: {}
[23.087204] (-) TimerEvent: {}
[23.188153] (-) TimerEvent: {}
[23.293807] (-) TimerEvent: {}
[23.394590] (-) TimerEvent: {}
[23.495482] (-) TimerEvent: {}
[23.596465] (-) TimerEvent: {}
[23.687023] (kalman_filter_jetracer) StderrLine: {'line': b'Traceback (most recent call last):\n  File "/usr/lib/python3/dist-packages/colcon_parallel_executor/executor/parallel.py", line 75, in execute\n    loop.run_until_complete(future)\n  File "/usr/lib/python3.8/asyncio/base_events.py", line 603, in run_until_complete\n    self.run_forever()\n  File "/usr/lib/python3.8/asyncio/base_events.py", line 570, in run_forever\n    self._run_once()\n  File "/usr/lib/python3.8/asyncio/base_events.py", line 1823, in _run_once\n    event_list = self._selector.select(timeout)\n  File "/usr/lib/python3.8/selectors.py", line 468, in select\n    fd_event_list = self._selector.poll(timeout, max_ev)\nKeyboardInterrupt\n\nDuring handling of the above exception, another exception occurred:\n\nTraceback (most recent call last):\n  File "/usr/lib/python3/dist-packages/colcon_core/executor/__init__.py", line 91, in __call__\n    rc = await self.task(*args, **kwargs)\n  File "/usr/lib/python3/dist-packages/colcon_core/task/__init__.py", line 93, in __call__\n    return await task_method(*args, **kwargs)\n  File "/usr/lib/python3/dist-packages/colcon_ros/task/ament_python/build.py", line 102, in build\n    return await extension.build(additional_hooks=additional_hooks)\n  File "/usr/lib/python3/dist-packages/colcon_core/task/python/build.py", line 85, in build\n    available_commands = await self._get_available_commands(\n  File "/usr/lib/python3/dist-packages/colcon_core/task/python/build.py", line 175, in _get_available_commands\n    output = await check_output(\n  File "/usr/lib/python3/dist-packages/colcon_core/subprocess.py", line 129, in check_output\n    assert not rc, f\'Expected {args} to pass: {stderr_data}\'\nAssertionError: Expected [\'/usr/bin/python3\', \'setup.py\', \'--help-commands\'] to pass: Traceback (most recent call last):\n  File "/home/jetson/.local/lib/python3.8/site-packages/setuptools/_vendor/importlib_metadata/__init__.py", line 917, in read_text\n    return self._path.joinpath(filename).read_text(encoding=\'utf-8\')\n  File "/usr/lib/python3.8/pathlib.py", line 1236, in read_text\n    with self.open(mode=\'r\', encoding=encoding, errors=errors) as f:\n  File "/usr/lib/python3.8/pathlib.py", line 1222, in open\n    return io.open(self, mode, buffering, encoding, errors, newline,\n  File "/usr/lib/python3.8/pathlib.py", line 1078, in _opener\n    return self._accessor.open(self, flags, mode)\nFileNotFoundError: [Errno 2] No such file or directory: \'/opt/ros/galactic/lib/python3.8/site-packages/rosbag2_py.egg-info/entry_points.txt\'\n\nDuring handling of the above exception, another exception occurred:\n\nTraceback (most recent call last):\n  File "setup.py", line 5, in <module>\n    setup(\n  File "/home/jetson/.local/lib/python3.8/site-packages/setuptools/__init__.py", line 87, in setup\n    return distutils.core.setup(**attrs)\n  File "/home/jetson/.local/lib/python3.8/site-packages/setuptools/_distutils/core.py", line 172, in setup\n    ok = dist.parse_command_line()\n  File "/home/jetson/.local/lib/python3.8/site-packages/setuptools/_distutils/dist.py", line 472, in parse_command_line\n    if self.handle_display_options(option_order):\n  File "/home/jetson/.local/lib/python3.8/site-packages/setuptools/dist.py", line 1184, in handle_display_options\n    return _Distribution.handle_display_options(self, option_order)\n  File "/home/jetson/.local/lib/python3.8/site-packages/setuptools/_distutils/dist.py", line 686, in handle_display_options\n    self.print_commands()\n  File "/home/jetson/.local/lib/python3.8/site-packages/setuptools/dist.py", line 963, in print_commands\n    return _Distribution.print_commands(self)\n  File "/home/jetson/.local/lib/python3.8/site-packages/setuptools/_distutils/dist.py", line 755, in print_commands\n    self.print_command_list(std_commands, "Standard commands", max_length)\n  File "/home/jetson/.local/lib/python3.8/site-packages/setuptools/_distutils/dist.py", line 722, in print_command_list\n    klass = self.get_command_class(cmd)\n  File "/home/jetson/.local/lib/python3.8/site-packages/setuptools/dist.py", line 951, in get_command_class\n    eps = metadata.entry_points(group=\'distutils.commands\', name=command)\n  File "/home/jetson/.local/lib/python3.8/site-packages/setuptools/_vendor/importlib_metadata/__init__.py", line 999, in entry_points\n    return SelectableGroups.load(eps).select(**params)\n  File "/home/jetson/.local/lib/python3.8/site-packages/setuptools/_vendor/importlib_metadata/__init__.py", line 449, in load\n    ordered = sorted(eps, key=by_group)\n  File "/home/jetson/.local/lib/python3.8/site-packages/setuptools/_vendor/importlib_metadata/__init__.py", line 997, in <genexpr>\n    dist.entry_points for dist in unique(distributions())\n  File "/home/jetson/.local/lib/python3.8/site-packages/setuptools/_vendor/importlib_metadata/__init__.py", line 609, in entry_points\n    return EntryPoints._from_text_for(self.read_text(\'entry_points.txt\'), self)\n  File "/home/jetson/.local/lib/python3.8/site-packages/setuptools/_vendor/importlib_metadata/__init__.py", line 917, in read_text\n    return self._path.joinpath(filename).read_text(encoding=\'utf-8\')\nKeyboardInterrupt\n\n'}
[23.689056] (kalman_filter_jetracer) JobEnded: {'identifier': 'kalman_filter_jetracer', 'rc': 'SIGINT'}
[23.691954] (-) EventReactorShutdown: {}
